2025-09-05 20:53:09.800 | WARNING  | apps.lock_detector:load_model:88 - 模型文件不存在: models/lock_detector/best.pt，使用默认模型
2025-09-05 20:53:09.837 | INFO     | apps.trainer:_create_dataset_config:55 - 数据集配置文件已创建: dataset/dataset.yaml
2025-09-05 20:53:09.852 | WARNING  | main:startup_event:80 - 未配置钉钉服务，部分功能将不可用
2025-09-05 20:53:12.307 | INFO     | apps.trainer:train_model:180 - 开始训练模型: lock_detector
2025-09-05 20:53:12.849 | ERROR    | apps.trainer:train_model:245 - 模型训练失败: Invalid CUDA 'device=auto' requested. Use 'device=cpu' or pass valid CUDA device(s) if available, i.e. 'device=0' or 'device=0,1,2,3' for Multi-GPU.

torch.cuda.is_available(): False
torch.cuda.device_count(): 0
os.environ['CUDA_VISIBLE_DEVICES']: None
See https://pytorch.org/get-started/locally/ for up-to-date torch install instructions if no CUDA devices are seen by torch.

2025-09-05 20:53:49.239 | WARNING  | apps.lock_detector:load_model:88 - 模型文件不存在: models/lock_detector/best.pt，使用默认模型
2025-09-05 20:53:49.276 | INFO     | apps.trainer:_create_dataset_config:55 - 数据集配置文件已创建: dataset/dataset.yaml
2025-09-05 20:53:49.290 | WARNING  | main:startup_event:80 - 未配置钉钉服务，部分功能将不可用
2025-09-05 20:53:56.255 | INFO     | apps.trainer:train_model:180 - 开始训练模型: lock_detector
2025-09-05 20:53:56.875 | ERROR    | apps.trainer:train_model:245 - 模型训练失败: Dataset 'dataset/lock_detech.yaml' error ❌ 'dataset/lock_detech.yaml' does not exist
2025-09-05 20:55:55.211 | INFO     | apps.trainer:train_model:180 - 开始训练模型: lock_detector
2025-09-05 20:55:55.470 | ERROR    | apps.trainer:train_model:245 - 模型训练失败: Dataset 'dataset/lock_detech.yaml' error ❌ 'dataset/lock_detech.yaml' does not exist
2025-09-05 21:31:57.472 | INFO     | apps.commands:register_command:57 - 已注册命令: train
2025-09-05 21:31:57.472 | INFO     | apps.commands:register_command:57 - 已注册命令: dataset_stats
2025-09-05 21:31:57.473 | INFO     | apps.commands:register_command:57 - 已注册命令: export_model
2025-09-05 21:32:10.617 | INFO     | apps.commands:register_command:57 - 已注册命令: train
2025-09-05 21:32:10.617 | INFO     | apps.commands:register_command:57 - 已注册命令: dataset_stats
2025-09-05 21:32:10.617 | INFO     | apps.commands:register_command:57 - 已注册命令: export_model
2025-09-05 21:32:10.706 | ERROR    | apps.detech:get_image_from_bytes:31 - 图像转换失败: embedded null byte
2025-09-05 21:32:10.706 | ERROR    | main:detect_locks:259 - 锁检测失败: 无法解析图像文件: embedded null byte
2025-09-05 21:32:19.558 | INFO     | apps.commands:register_command:57 - 已注册命令: train
2025-09-05 21:32:19.558 | INFO     | apps.commands:register_command:57 - 已注册命令: dataset_stats
2025-09-05 21:32:19.558 | INFO     | apps.commands:register_command:57 - 已注册命令: export_model
2025-09-05 21:32:19.581 | ERROR    | apps.detech:get_image_from_bytes:31 - 图像转换失败: embedded null byte
2025-09-05 21:32:19.581 | ERROR    | main:detect_locks:259 - 锁检测失败: 无法解析图像文件: embedded null byte
2025-09-05 21:32:54.816 | INFO     | apps.commands:register_command:57 - 已注册命令: train
2025-09-05 21:32:54.816 | INFO     | apps.commands:register_command:57 - 已注册命令: dataset_stats
2025-09-05 21:32:54.816 | INFO     | apps.commands:register_command:57 - 已注册命令: export_model
2025-09-05 21:32:55.684 | INFO     | apps.lock_detector:detect_locks:130 - 锁分类结果: 1 个锁, 1 个未锁定
2025-09-05 21:32:55.692 | INFO     | apps.lock_detector:save_detection_result:188 - 检测结果已保存到数据库: 2
2025-09-05 21:32:55.710 | ERROR    | main:detect_locks:259 - 锁检测失败: 'bytes' object has no attribute 'getvalue'
2025-09-05 21:33:07.798 | INFO     | apps.commands:register_command:57 - 已注册命令: train
2025-09-05 21:33:07.799 | INFO     | apps.commands:register_command:57 - 已注册命令: dataset_stats
2025-09-05 21:33:07.799 | INFO     | apps.commands:register_command:57 - 已注册命令: export_model
2025-09-05 21:33:08.646 | INFO     | apps.lock_detector:detect_locks:130 - 锁分类结果: 1 个锁, 1 个未锁定
2025-09-05 21:33:08.653 | INFO     | apps.lock_detector:save_detection_result:188 - 检测结果已保存到数据库: 3
2025-09-05 21:33:42.190 | INFO     | apps.commands:register_command:57 - 已注册命令: train
2025-09-05 21:33:42.190 | INFO     | apps.commands:register_command:57 - 已注册命令: dataset_stats
2025-09-05 21:33:42.191 | INFO     | apps.commands:register_command:57 - 已注册命令: export_model
2025-09-05 21:33:43.036 | INFO     | apps.lock_detector:detect_locks:130 - 锁分类结果: 1 个锁, 1 个未锁定
2025-09-05 21:33:43.043 | INFO     | apps.lock_detector:save_detection_result:188 - 检测结果已保存到数据库: 4
2025-09-05 21:33:43.097 | INFO     | apps.lock_detector:detect_locks:130 - 锁分类结果: 1 个锁, 1 个未锁定
2025-09-05 21:33:43.104 | INFO     | apps.lock_detector:save_detection_result:188 - 检测结果已保存到数据库: 5
2025-09-05 21:34:00.236 | INFO     | apps.commands:register_command:57 - 已注册命令: train
2025-09-05 21:34:00.236 | INFO     | apps.commands:register_command:57 - 已注册命令: dataset_stats
2025-09-05 21:34:00.236 | INFO     | apps.commands:register_command:57 - 已注册命令: export_model
2025-09-05 21:34:01.059 | INFO     | apps.lock_detector:detect_locks:131 - 锁分类结果: 1 个锁, 0 个未锁定
2025-09-05 21:34:01.067 | INFO     | apps.lock_detector:save_detection_result:189 - 检测结果已保存到数据库: 6
2025-09-05 21:34:01.120 | INFO     | apps.lock_detector:detect_locks:131 - 锁分类结果: 1 个锁, 1 个未锁定
2025-09-05 21:34:01.127 | INFO     | apps.lock_detector:save_detection_result:189 - 检测结果已保存到数据库: 7
2025-09-05 21:34:20.421 | INFO     | apps.commands:register_command:57 - 已注册命令: train
2025-09-05 21:34:20.421 | INFO     | apps.commands:register_command:57 - 已注册命令: dataset_stats
2025-09-05 21:34:20.421 | INFO     | apps.commands:register_command:57 - 已注册命令: export_model
2025-09-05 21:34:20.423 | WARNING  | main:startup_event:76 - 未配置钉钉服务，部分功能将不可用
2025-09-05 21:34:55.004 | INFO     | apps.lock_detector:detect_locks:131 - 锁分类结果: 1 个锁, 0 个未锁定
2025-09-05 21:34:55.012 | INFO     | apps.lock_detector:save_detection_result:189 - 检测结果已保存到数据库: 8
2025-09-05 21:35:12.885 | INFO     | apps.lock_detector:detect_locks:131 - 锁分类结果: 1 个锁, 1 个未锁定
2025-09-05 21:35:12.892 | INFO     | apps.lock_detector:save_detection_result:189 - 检测结果已保存到数据库: 9
2025-09-05 21:35:34.344 | INFO     | apps.lock_detector:detect_locks:131 - 锁分类结果: 1 个锁, 1 个未锁定
2025-09-05 21:35:34.351 | INFO     | apps.lock_detector:save_detection_result:189 - 检测结果已保存到数据库: 10
2025-09-05 21:35:42.498 | INFO     | apps.lock_detector:detect_locks:131 - 锁分类结果: 1 个锁, 1 个未锁定
2025-09-05 21:35:42.505 | INFO     | apps.lock_detector:save_detection_result:189 - 检测结果已保存到数据库: 11
2025-09-05 21:43:43.925 | INFO     | apps.commands:register_command:57 - 已注册命令: train
2025-09-05 21:43:43.926 | INFO     | apps.commands:register_command:57 - 已注册命令: dataset_stats
2025-09-05 21:43:43.926 | INFO     | apps.commands:register_command:57 - 已注册命令: export_model
2025-09-05 21:43:43.928 | WARNING  | main:startup_event:76 - 未配置钉钉服务，部分功能将不可用
2025-09-05 21:43:56.677 | INFO     | apps.commands:register_command:57 - 已注册命令: train
2025-09-05 21:43:56.678 | INFO     | apps.commands:register_command:57 - 已注册命令: dataset_stats
2025-09-05 21:43:56.678 | INFO     | apps.commands:register_command:57 - 已注册命令: export_model
2025-09-05 21:43:56.680 | WARNING  | main:startup_event:76 - 未配置钉钉服务，部分功能将不可用
2025-09-05 21:45:09.342 | INFO     | apps.commands:register_command:57 - 已注册命令: train
2025-09-05 21:45:09.343 | INFO     | apps.commands:register_command:57 - 已注册命令: dataset_stats
2025-09-05 21:45:09.343 | INFO     | apps.commands:register_command:57 - 已注册命令: export_model
2025-09-05 21:45:09.345 | WARNING  | main:startup_event:76 - 未配置钉钉服务，部分功能将不可用
2025-09-05 21:46:44.025 | INFO     | apps.commands:register_command:57 - 已注册命令: train
2025-09-05 21:46:44.026 | INFO     | apps.commands:register_command:57 - 已注册命令: dataset_stats
2025-09-05 21:46:44.026 | INFO     | apps.commands:register_command:57 - 已注册命令: export_model
2025-09-05 21:46:44.028 | WARNING  | main:startup_event:76 - 未配置钉钉服务，部分功能将不可用
2025-09-05 21:46:58.323 | INFO     | apps.lock_detector:detect_locks:131 - 锁分类结果: 1 个锁, 1 个未锁定
2025-09-05 21:46:58.332 | INFO     | apps.lock_detector:save_detection_result:189 - 检测结果已保存到数据库: 12
2025-09-05 21:47:24.035 | INFO     | apps.lock_detector:detect_locks:131 - 锁分类结果: 1 个锁, 1 个未锁定
2025-09-05 21:47:24.043 | INFO     | apps.lock_detector:save_detection_result:189 - 检测结果已保存到数据库: 13
2025-09-05 21:49:05.980 | INFO     | apps.lock_detector:detect_locks:131 - 锁分类结果: 1 个锁, 1 个未锁定
2025-09-05 21:49:05.987 | INFO     | apps.lock_detector:save_detection_result:189 - 检测结果已保存到数据库: 14
2025-09-05 21:51:27.203 | INFO     | apps.commands:register_command:57 - 已注册命令: train
2025-09-05 21:51:27.203 | INFO     | apps.commands:register_command:57 - 已注册命令: dataset_stats
2025-09-05 21:51:27.203 | INFO     | apps.commands:register_command:57 - 已注册命令: export_model
2025-09-05 21:51:27.206 | WARNING  | main:startup_event:76 - 未配置钉钉服务，部分功能将不可用
2025-09-05 21:51:41.811 | INFO     | apps.lock_detector:detect_locks:131 - 锁分类结果: 1 个锁, 1 个未锁定
2025-09-05 21:51:41.822 | INFO     | apps.lock_detector:save_detection_result:189 - 检测结果已保存到数据库: 15
2025-09-05 21:51:56.354 | INFO     | apps.lock_detector:detect_locks:131 - 锁分类结果: 1 个锁, 1 个未锁定
2025-09-05 21:51:56.362 | INFO     | apps.lock_detector:save_detection_result:189 - 检测结果已保存到数据库: 16
2025-09-05 21:52:07.906 | INFO     | apps.lock_detector:detect_locks:131 - 锁分类结果: 1 个锁, 0 个未锁定
2025-09-05 21:52:07.913 | INFO     | apps.lock_detector:save_detection_result:189 - 检测结果已保存到数据库: 17
2025-09-05 21:52:24.224 | INFO     | apps.lock_detector:detect_locks:131 - 锁分类结果: 1 个锁, 0 个未锁定
2025-09-05 21:52:24.230 | INFO     | apps.lock_detector:save_detection_result:189 - 检测结果已保存到数据库: 18
2025-09-05 21:52:42.721 | INFO     | apps.lock_detector:detect_locks:131 - 锁分类结果: 1 个锁, 0 个未锁定
2025-09-05 21:52:42.729 | INFO     | apps.lock_detector:save_detection_result:189 - 检测结果已保存到数据库: 19
2025-09-05 21:55:13.129 | INFO     | apps.lock_detector:detect_locks:131 - 锁分类结果: 1 个锁, 0 个未锁定
2025-09-05 21:55:13.140 | INFO     | apps.lock_detector:save_detection_result:189 - 检测结果已保存到数据库: 20
2025-09-05 21:56:02.343 | INFO     | apps.lock_detector:detect_locks:131 - 锁分类结果: 1 个锁, 1 个未锁定
2025-09-05 21:56:02.351 | INFO     | apps.lock_detector:save_detection_result:189 - 检测结果已保存到数据库: 21
2025-09-05 21:57:15.174 | INFO     | apps.lock_detector:detect_locks:131 - 锁分类结果: 1 个锁, 0 个未锁定
2025-09-05 21:57:15.184 | INFO     | apps.lock_detector:save_detection_result:189 - 检测结果已保存到数据库: 22
2025-09-05 21:57:28.043 | INFO     | apps.lock_detector:detect_locks:131 - 锁分类结果: 1 个锁, 0 个未锁定
2025-09-05 21:57:28.051 | INFO     | apps.lock_detector:save_detection_result:189 - 检测结果已保存到数据库: 23
2025-09-05 21:58:18.465 | INFO     | apps.lock_detector:detect_locks:131 - 锁分类结果: 1 个锁, 1 个未锁定
2025-09-05 21:58:18.484 | INFO     | apps.lock_detector:save_detection_result:189 - 检测结果已保存到数据库: 24
2025-09-05 21:58:54.758 | INFO     | apps.lock_detector:detect_locks:131 - 锁分类结果: 1 个锁, 0 个未锁定
2025-09-05 21:58:54.788 | INFO     | apps.lock_detector:save_detection_result:189 - 检测结果已保存到数据库: 25
